# JRE version: Java(TM) SE Runtime Environment (7.0_71-b14) (build 1.7.0_71-b14)
# Java VM: Java HotSpot(TM) Client VM (24.71-b01 mixed mode windows-x86 )
Heap
 par new generation   total 18432K, used 10120K [0x04600000, 0x05a00000, 0x0f0a0000)
  eden space 16384K,  51% used [0x04600000, 0x04e2fd70, 0x05600000)
  from space 2048K,  84% used [0x05800000, 0x059b22a0, 0x05a00000)
  to   space 2048K,   0% used [0x05600000, 0x05600000, 0x05800000)
 concurrent mark-sweep generation total 47172K, used 29248K [0x0f0a0000, 0x11eb1000, 0x24600000)
 concurrent-mark-sweep perm gen total 65536K, used 46655K [0x24600000, 0x28600000, 0x28600000)
GC Heap History (10 events):
Event: 276.779 GC heap before
{Heap before GC invocations=30 (full 4):
 par new generation   total 18432K, used 18419K [0x04600000, 0x05a00000, 0x0f0a0000)
  eden space 16384K,  99% used [0x04600000, 0x055fcfc0, 0x05600000)
  from space 2048K, 100% used [0x05600000, 0x05800000, 0x05800000)
  to   space 2048K,   0% used [0x05800000, 0x05800000, 0x05a00000)
 concurrent mark-sweep generation total 40960K, used 27989K [0x0f0a0000, 0x118a0000, 0x24600000)
 concurrent-mark-sweep perm gen total 65536K, used 47563K [0x24600000, 0x28600000, 0x28600000)
Event: 276.784 GC heap after
Heap after GC invocations=31 (full 4):
 par new generation   total 18432K, used 1699K [0x04600000, 0x05a00000, 0x0f0a0000)
  eden space 16384K,   0% used [0x04600000, 0x04600000, 0x05600000)
  from space 2048K,  83% used [0x05800000, 0x059a8fa0, 0x05a00000)
  to   space 2048K,   0% used [0x05600000, 0x05600000, 0x05800000)
 concurrent mark-sweep generation total 40960K, used 29679K [0x0f0a0000, 0x118a0000, 0x24600000)
 concurrent-mark-sweep perm gen total 65536K, used 47563K [0x24600000, 0x28600000, 0x28600000)
}
Event: 277.245 GC heap before
{Heap before GC invocations=31 (full 4):
 par new generation   total 18432K, used 18083K [0x04600000, 0x05a00000, 0x0f0a0000)
  eden space 16384K, 100% used [0x04600000, 0x05600000, 0x05600000)
  from space 2048K,  83% used [0x05800000, 0x059a8fa0, 0x05a00000)
  to   space 2048K,   0% used [0x05600000, 0x05600000, 0x05800000)
 concurrent mark-sweep generation total 40960K, used 29679K [0x0f0a0000, 0x118a0000, 0x24600000)
 concurrent-mark-sweep perm gen total 65536K, used 47566K [0x24600000, 0x28600000, 0x28600000)
Event: 277.255 GC heap after
Heap after GC invocations=32 (full 4):
 par new generation   total 18432K, used 2048K [0x04600000, 0x05a00000, 0x0f0a0000)
  eden space 16384K,   0% used [0x04600000, 0x04600000, 0x05600000)
  from space 2048K, 100% used [0x05600000, 0x05800000, 0x05800000)
  to   space 2048K,   0% used [0x05800000, 0x05800000, 0x05a00000)
 concurrent mark-sweep generation total 40960K, used 32187K [0x0f0a0000, 0x118a0000, 0x24600000)
 concurrent-mark-sweep perm gen total 65536K, used 47566K [0x24600000, 0x28600000, 0x28600000)
}
Event: 277.395 GC heap before
{Heap before GC invocations=32 (full 4):
 par new generation   total 18432K, used 18432K [0x04600000, 0x05a00000, 0x0f0a0000)
  eden space 16384K, 100% used [0x04600000, 0x05600000, 0x05600000)
  from space 2048K, 100% used [0x05600000, 0x05800000, 0x05800000)
  to   space 2048K,   0% used [0x05800000, 0x05800000, 0x05a00000)
 concurrent mark-sweep generation total 40960K, used 32187K [0x0f0a0000, 0x118a0000, 0x24600000)
 concurrent-mark-sweep perm gen total 65536K, used 47664K [0x24600000, 0x28600000, 0x28600000)
Event: 277.408 GC heap after
Heap after GC invocations=33 (full 4):
 par new generation   total 18432K, used 2048K [0x04600000, 0x05a00000, 0x0f0a0000)
  eden space 16384K,   0% used [0x04600000, 0x04600000, 0x05600000)
  from space 2048K, 100% used [0x05800000, 0x05a00000, 0x05a00000)
  to   space 2048K,   0% used [0x05600000, 0x05600000, 0x05800000)
 concurrent mark-sweep generation total 40960K, used 36902K [0x0f0a0000, 0x118a0000, 0x24600000)
 concurrent-mark-sweep perm gen total 65536K, used 47664K [0x24600000, 0x28600000, 0x28600000)
}
Event: 277.777 GC heap before
{Heap before GC invocations=33 (full 5):
 par new generation   total 18432K, used 18432K [0x04600000, 0x05a00000, 0x0f0a0000)
  eden space 16384K, 100% used [0x04600000, 0x05600000, 0x05600000)
  from space 2048K, 100% used [0x05800000, 0x05a00000, 0x05a00000)
  to   space 2048K,   0% used [0x05600000, 0x05600000, 0x05800000)
 concurrent mark-sweep generation total 40960K, used 36902K [0x0f0a0000, 0x118a0000, 0x24600000)
 concurrent-mark-sweep perm gen total 65536K, used 47676K [0x24600000, 0x28600000, 0x28600000)
Event: 277.786 GC heap after
Heap after GC invocations=34 (full 5):
 par new generation   total 18432K, used 2048K [0x04600000, 0x05a00000, 0x0f0a0000)
  eden space 16384K,   0% used [0x04600000, 0x04600000, 0x05600000)
  from space 2048K, 100% used [0x05600000, 0x05800000, 0x05800000)
  to   space 2048K,   0% used [0x05800000, 0x05800000, 0x05a00000)
 concurrent mark-sweep generation total 40960K, used 40132K [0x0f0a0000, 0x118a0000, 0x24600000)
 concurrent-mark-sweep perm gen total 65536K, used 47676K [0x24600000, 0x28600000, 0x28600000)
}
Event: 280.294 GC heap before
{Heap before GC invocations=34 (full 5):
 par new generation   total 18432K, used 18432K [0x04600000, 0x05a00000, 0x0f0a0000)
  eden space 16384K, 100% used [0x04600000, 0x05600000, 0x05600000)
  from space 2048K, 100% used [0x05600000, 0x05800000, 0x05800000)
  to   space 2048K,   0% used [0x05800000, 0x05800000, 0x05a00000)
 concurrent mark-sweep generation total 47172K, used 28301K [0x0f0a0000, 0x11eb1000, 0x24600000)
 concurrent-mark-sweep perm gen total 65536K, used 46280K [0x24600000, 0x28600000, 0x28600000)
Event: 280.301 GC heap after
Heap after GC invocations=35 (full 5):
 par new generation   total 18432K, used 1736K [0x04600000, 0x05a00000, 0x0f0a0000)
  eden space 16384K,   0% used [0x04600000, 0x04600000, 0x05600000)
  from space 2048K,  84% used [0x05800000, 0x059b22a0, 0x05a00000)
  to   space 2048K,   0% used [0x05600000, 0x05600000, 0x05800000)
 concurrent mark-sweep generation total 47172K, used 29248K [0x0f0a0000, 0x11eb1000, 0x24600000)
 concurrent-mark-sweep perm gen total 65536K, used 46280K [0x24600000, 0x28600000, 0x28600000)
}

